Determining if the pthread_create exist failed with the following output:
Change Dir: /home/andres/Robotics_Project4/build/CMakeFiles/CMakeTmp

Run Build Command:"/usr/bin/make" "cmTC_f8f50/fast"
/usr/bin/make -f CMakeFiles/cmTC_f8f50.dir/build.make CMakeFiles/cmTC_f8f50.dir/build
make[1]: se entra en el directorio '/home/andres/Robotics_Project4/build/CMakeFiles/CMakeTmp'
Building C object CMakeFiles/cmTC_f8f50.dir/CheckSymbolExists.c.o
/usr/bin/cc    -o CMakeFiles/cmTC_f8f50.dir/CheckSymbolExists.c.o   -c /home/andres/Robotics_Project4/build/CMakeFiles/CMakeTmp/CheckSymbolExists.c
Linking C executable cmTC_f8f50
/usr/bin/cmake -E cmake_link_script CMakeFiles/cmTC_f8f50.dir/link.txt --verbose=1
/usr/bin/cc      -rdynamic CMakeFiles/cmTC_f8f50.dir/CheckSymbolExists.c.o  -o cmTC_f8f50 
CMakeFiles/cmTC_f8f50.dir/CheckSymbolExists.c.o: En la función `main':
CheckSymbolExists.c:(.text+0x1b): referencia a `pthread_create' sin definir
collect2: error: ld returned 1 exit status
CMakeFiles/cmTC_f8f50.dir/build.make:97: fallo en las instrucciones para el objetivo 'cmTC_f8f50'
make[1]: *** [cmTC_f8f50] Error 1
make[1]: se sale del directorio '/home/andres/Robotics_Project4/build/CMakeFiles/CMakeTmp'
Makefile:126: fallo en las instrucciones para el objetivo 'cmTC_f8f50/fast'
make: *** [cmTC_f8f50/fast] Error 2

File /home/andres/Robotics_Project4/build/CMakeFiles/CMakeTmp/CheckSymbolExists.c:
/* */
#include <pthread.h>

int main(int argc, char** argv)
{
  (void)argv;
#ifndef pthread_create
  return ((int*)(&pthread_create))[argc];
#else
  (void)argc;
  return 0;
#endif
}

Determining if the function pthread_create exists in the pthreads failed with the following output:
Change Dir: /home/andres/Robotics_Project4/build/CMakeFiles/CMakeTmp

Run Build Command:"/usr/bin/make" "cmTC_c123e/fast"
/usr/bin/make -f CMakeFiles/cmTC_c123e.dir/build.make CMakeFiles/cmTC_c123e.dir/build
make[1]: se entra en el directorio '/home/andres/Robotics_Project4/build/CMakeFiles/CMakeTmp'
Building C object CMakeFiles/cmTC_c123e.dir/CheckFunctionExists.c.o
/usr/bin/cc   -DCHECK_FUNCTION_EXISTS=pthread_create   -o CMakeFiles/cmTC_c123e.dir/CheckFunctionExists.c.o   -c /usr/share/cmake-3.10/Modules/CheckFunctionExists.c
Linking C executable cmTC_c123e
/usr/bin/cmake -E cmake_link_script CMakeFiles/cmTC_c123e.dir/link.txt --verbose=1
/usr/bin/cc  -DCHECK_FUNCTION_EXISTS=pthread_create    -rdynamic CMakeFiles/cmTC_c123e.dir/CheckFunctionExists.c.o  -o cmTC_c123e -lpthreads 
/usr/bin/ld: no se puede encontrar -lpthreads
collect2: error: ld returned 1 exit status
CMakeFiles/cmTC_c123e.dir/build.make:97: fallo en las instrucciones para el objetivo 'cmTC_c123e'
make[1]: *** [cmTC_c123e] Error 1
make[1]: se sale del directorio '/home/andres/Robotics_Project4/build/CMakeFiles/CMakeTmp'
Makefile:126: fallo en las instrucciones para el objetivo 'cmTC_c123e/fast'
make: *** [cmTC_c123e/fast] Error 2


